<?xml version="1.0" encoding="UTF-8"?>
<!-- Generated by org.testng.reporters.JUnitReportReporter -->
<testsuite skipped="0" hostname="DESKTOP-QV36E1K" name="honeywell.testCases.TC_DataProvider" tests="5" failures="0" timestamp="28 Mar 2019 18:01:48 GMT" time="0.875" errors="0">
  <testcase name="dataProvider" time="0.435" classname="honeywell.testCases.TC_DataProvider"/>
  <testcase name="dataProvider" time="0.260" classname="honeywell.testCases.TC_DataProvider"/>
  <testcase name="dataProvider" time="0.067" classname="honeywell.testCases.TC_DataProvider"/>
  <testcase name="dataProvider" time="0.056" classname="honeywell.testCases.TC_DataProvider"/>
  <testcase name="dataProvider" time="0.057" classname="honeywell.testCases.TC_DataProvider"/>
</testsuite> <!-- honeywell.testCases.TC_DataProvider -->
